c:\users\jialuw\desktop\aaaaa\stardew\proj.win32\debug.win32\main.obj
c:\users\jialuw\desktop\aaaaa\stardew\proj.win32\debug.win32\toolbar.obj
c:\users\jialuw\desktop\aaaaa\stardew\proj.win32\debug.win32\mine.obj
c:\users\jialuw\desktop\aaaaa\stardew\proj.win32\debug.win32\basemaplayer.obj
c:\users\jialuw\desktop\aaaaa\stardew\proj.win32\debug.win32\player.obj
c:\users\jialuw\desktop\aaaaa\stardew\proj.win32\debug.win32\shop.obj
c:\users\jialuw\desktop\aaaaa\stardew\proj.win32\debug.win32\festival.obj
c:\users\jialuw\desktop\aaaaa\stardew\proj.win32\debug.win32\scenemanager.obj
c:\users\jialuw\desktop\aaaaa\stardew\proj.win32\debug.win32\backpack.obj
c:\users\jialuw\desktop\aaaaa\stardew\proj.win32\debug.win32\appdelegate.obj
c:\users\jialuw\desktop\aaaaa\stardew\proj.win32\debug.win32\libcocos2d.exp
c:\users\jialuw\desktop\aaaaa\stardew\proj.win32\debug.win32\libspine.idb
c:\users\jialuw\desktop\aaaaa\stardew\proj.win32\debug.win32\vc143.idb
c:\users\jialuw\desktop\aaaaa\stardew\proj.win32\debug.win32\libcocos2d.pdb
c:\users\jialuw\desktop\aaaaa\stardew\proj.win32\debug.win32\librecast.pdb
c:\users\jialuw\desktop\aaaaa\stardew\proj.win32\debug.win32\libspine.pdb
c:\users\jialuw\desktop\aaaaa\stardew\proj.win32\debug.win32\vc143.pdb
c:\users\jialuw\desktop\aaaaa\stardew\proj.win32\debug.win32\stardew.tlog\cl.14036.write.1.tlog
c:\users\jialuw\desktop\aaaaa\stardew\proj.win32\debug.win32\stardew.tlog\cl.command.1.tlog
c:\users\jialuw\desktop\aaaaa\stardew\proj.win32\debug.win32\stardew.tlog\cl.read.1.tlog
